[debug] [2022-02-02T06:20:34.820Z] ----------------------------------------------------------------------
[debug] [2022-02-02T06:20:34.822Z] Command:       /home/jahanzaib/.nvm/versions/node/v17.3.0/bin/node /home/jahanzaib/.nvm/versions/node/v17.3.0/bin/firebase init
[debug] [2022-02-02T06:20:34.822Z] CLI Version:   10.1.4
[debug] [2022-02-02T06:20:34.822Z] Platform:      linux
[debug] [2022-02-02T06:20:34.822Z] Node Version:  v17.3.0
[debug] [2022-02-02T06:20:34.823Z] Time:          Wed Feb 02 2022 11:20:34 GMT+0500 (Pakistan Standard Time)
[debug] [2022-02-02T06:20:34.823Z] ----------------------------------------------------------------------
[debug] 
[debug] [2022-02-02T06:20:34.828Z] > command requires scopes: ["email","openid","https://www.googleapis.com/auth/cloudplatformprojects.readonly","https://www.googleapis.com/auth/firebase","https://www.googleapis.com/auth/cloud-platform"]
[debug] [2022-02-02T06:20:34.829Z] > authorizing via signed-in user (jahanzaib@clustox.com)
[info] 
     ######## #### ########  ######## ########     ###     ######  ########
     ##        ##  ##     ## ##       ##     ##  ##   ##  ##       ##
     ######    ##  ########  ######   ########  #########  ######  ######
     ##        ##  ##    ##  ##       ##     ## ##     ##       ## ##
     ##       #### ##     ## ######## ########  ##     ##  ######  ########

You're about to initialize a Firebase project in this directory:

  /home/jahanzaib/Salman's Project/new event/Event-Managment-Platform

[info] 
=== Project Setup
[info] 
[info] First, let's associate this project directory with a Firebase project.
[info] You can create multiple project aliases by running firebase use --add, 
[info] but for now we'll just set up a default project.
[info] 
[info] i  If you want to create a project in a Google Cloud organization or folder, please use "firebase projects:create" instead, and return to this command when you've created the project. 
[debug] [2022-02-02T06:21:02.610Z] > refreshing access token with scopes: ["email","https://www.googleapis.com/auth/cloud-platform","https://www.googleapis.com/auth/cloudplatformprojects.readonly","https://www.googleapis.com/auth/firebase","openid"]
[debug] [2022-02-02T06:21:02.610Z] >>> HTTP REQUEST POST https://www.googleapis.com/oauth2/v3/token  
 <request body omitted>
[debug] [2022-02-02T06:21:03.342Z] <<< HTTP RESPONSE 200 {"expires":"Mon, 01 Jan 1990 00:00:00 GMT","pragma":"no-cache","cache-control":"no-cache, no-store, max-age=0, must-revalidate","date":"Wed, 02 Feb 2022 06:21:03 GMT","content-type":"application/json; charset=utf-8","vary":"X-Origin, Referer, Origin,Accept-Encoding","server":"scaffolding on HTTPServer2","x-xss-protection":"0","x-frame-options":"SAMEORIGIN","x-content-type-options":"nosniff","alt-svc":"h3=\":443\"; ma=2592000,h3-29=\":443\"; ma=2592000,h3-Q050=\":443\"; ma=2592000,h3-Q046=\":443\"; ma=2592000,h3-Q043=\":443\"; ma=2592000,quic=\":443\"; ma=2592000; v=\"46,43\"","accept-ranges":"none","transfer-encoding":"chunked"}
[debug] [2022-02-02T06:21:03.358Z] >>> HTTP REQUEST POST https://cloudresourcemanager.googleapis.com/v1/projects  
 {"projectId":"event-project","name":"event-project"}
[debug] [2022-02-02T06:21:05.264Z] <<< HTTP RESPONSE 409 {"vary":"X-Origin, Referer, Origin,Accept-Encoding","content-type":"application/json; charset=UTF-8","date":"Wed, 02 Feb 2022 06:21:05 GMT","server":"ESF","cache-control":"private","x-xss-protection":"0","x-frame-options":"SAMEORIGIN","x-content-type-options":"nosniff","server-timing":"gfet4t7; dur=1260","alt-svc":"h3=\":443\"; ma=2592000,h3-29=\":443\"; ma=2592000,h3-Q050=\":443\"; ma=2592000,h3-Q046=\":443\"; ma=2592000,h3-Q043=\":443\"; ma=2592000,quic=\":443\"; ma=2592000; v=\"46,43\"","accept-ranges":"none","transfer-encoding":"chunked"}
[debug] [2022-02-02T06:21:05.265Z] <<< HTTP RESPONSE BODY {"error":{"code":409,"message":"Requested entity already exists","status":"ALREADY_EXISTS"}}
[debug] [2022-02-02T06:21:05.646Z] FirebaseError: HTTP Error: 409, Requested entity already exists
    at module.exports (/home/jahanzaib/.nvm/versions/node/v17.3.0/lib/node_modules/firebase-tools/lib/responseToError.js:38:12)
    at Request._callback (/home/jahanzaib/.nvm/versions/node/v17.3.0/lib/node_modules/firebase-tools/lib/api.js:41:35)
    at Request.self.callback (/home/jahanzaib/.nvm/versions/node/v17.3.0/lib/node_modules/firebase-tools/node_modules/request/request.js:185:22)
    at Request.emit (node:events:390:28)
    at Request.emit (node:domain:475:12)
    at Request.<anonymous> (/home/jahanzaib/.nvm/versions/node/v17.3.0/lib/node_modules/firebase-tools/node_modules/request/request.js:1154:10)
    at Request.emit (node:events:390:28)
    at Request.emit (node:domain:475:12)
    at IncomingMessage.<anonymous> (/home/jahanzaib/.nvm/versions/node/v17.3.0/lib/node_modules/firebase-tools/node_modules/request/request.js:1076:12)
    at Object.onceWrapper (node:events:509:28)
    at IncomingMessage.emit (node:events:402:35)
    at IncomingMessage.emit (node:domain:475:12)
    at endReadableNT (node:internal/streams/readable:1343:12)
    at processTicksAndRejections (node:internal/process/task_queues:83:21)
[error] 
[error] Error: Failed to create project because there is already a project with ID event-project. Please try again with a unique project ID.
